[debug] [2023-09-02T20:57:14.194Z] ----------------------------------------------------------------------
[debug] [2023-09-02T20:57:14.197Z] Command:       C:\Program Files\nodejs\node.exe C:\Users\15716\AppData\Roaming\npm\node_modules\firebase-tools\lib\bin\firebase.js emulators:start
[debug] [2023-09-02T20:57:14.198Z] CLI Version:   12.4.7
[debug] [2023-09-02T20:57:14.199Z] Platform:      win32
[debug] [2023-09-02T20:57:14.200Z] Node Version:  v18.16.0
[debug] [2023-09-02T20:57:14.202Z] Time:          Sat Sep 02 2023 16:57:14 GMT-0400 (Eastern Daylight Time)
[debug] [2023-09-02T20:57:14.203Z] ----------------------------------------------------------------------
[debug] 
[debug] [2023-09-02T20:57:14.463Z] > command requires scopes: ["email","openid","https://www.googleapis.com/auth/cloudplatformprojects.readonly","https://www.googleapis.com/auth/firebase","https://www.googleapis.com/auth/cloud-platform"]
[debug] [2023-09-02T20:57:14.463Z] > authorizing via signed-in user (ermihirnoye@gmail.com)
[info] i  emulators: Starting emulators: functions {"metadata":{"emulator":{"name":"hub"},"message":"Starting emulators: functions"}}
[debug] [2023-09-02T20:57:14.488Z] [logging] Logging Emulator only supports listening on one address (127.0.0.1). Not listening on ::1
[warn] !  ui: Emulator UI unable to start on port 4000, starting on 4002 instead. {"metadata":{"emulator":{"name":"ui"},"message":"Emulator UI unable to start on port 4000, starting on 4002 instead."}}
[debug] [2023-09-02T20:57:14.494Z] assigned listening specs for emulators {"user":{"hub":[{"address":"127.0.0.1","family":"IPv4","port":4400},{"address":"::1","family":"IPv6","port":4400}],"logging":[{"address":"127.0.0.1","family":"IPv4","port":4500}],"ui":[{"address":"127.0.0.1","family":"IPv4","port":4002},{"address":"::1","family":"IPv6","port":4002}]},"metadata":{"message":"assigned listening specs for emulators"}}
[debug] [2023-09-02T20:57:14.537Z] [hub] writing locator at C:\Users\15716\AppData\Local\Temp\hub-e-clone-ded23.json
[debug] [2023-09-02T20:57:14.595Z] [functions] Functions Emulator only supports listening on one address (127.0.0.1). Not listening on ::1
[debug] [2023-09-02T20:57:14.597Z] [eventarc] Eventarc Emulator only supports listening on one address (127.0.0.1). Not listening on ::1
[debug] [2023-09-02T20:57:14.598Z] late-assigned ports for functions and eventarc emulators {"user":{"hub":[{"address":"127.0.0.1","family":"IPv4","port":4400},{"address":"::1","family":"IPv6","port":4400}],"logging":[{"address":"127.0.0.1","family":"IPv4","port":4500}],"ui":[{"address":"127.0.0.1","family":"IPv4","port":4002},{"address":"::1","family":"IPv6","port":4002}],"functions":[{"address":"127.0.0.1","family":"IPv4","port":5001}],"eventarc":[{"address":"127.0.0.1","family":"IPv4","port":9299}]},"metadata":{"message":"late-assigned ports for functions and eventarc emulators"}}
[warn] !  functions: The following emulators are not running, calls to these services from the Functions emulator will affect production: auth, firestore, database, hosting, pubsub, storage {"metadata":{"emulator":{"name":"functions"},"message":"The following emulators are not running, calls to these services from the Functions emulator will affect production: \u001b[1mauth, firestore, database, hosting, pubsub, storage\u001b[22m"}}
[debug] [2023-09-02T20:57:14.609Z] defaultcredentials: writing to file C:\Users\15716\AppData\Roaming\firebase\ermihirnoye_gmail_com_application_default_credentials.json
[debug] [2023-09-02T20:57:14.626Z] Setting GAC to C:\Users\15716\AppData\Roaming\firebase\ermihirnoye_gmail_com_application_default_credentials.json {"metadata":{"emulator":{"name":"functions"},"message":"Setting GAC to C:\\Users\\15716\\AppData\\Roaming\\firebase\\ermihirnoye_gmail_com_application_default_credentials.json"}}
[debug] [2023-09-02T20:57:14.631Z] > refreshing access token with scopes: []
[debug] [2023-09-02T20:57:14.637Z] >>> [apiv2][query] POST https://www.googleapis.com/oauth2/v3/token [none]
[debug] [2023-09-02T20:57:14.640Z] >>> [apiv2][body] POST https://www.googleapis.com/oauth2/v3/token [omitted]
[debug] [2023-09-02T20:57:14.812Z] <<< [apiv2][status] POST https://www.googleapis.com/oauth2/v3/token 200
[debug] [2023-09-02T20:57:14.813Z] <<< [apiv2][body] POST https://www.googleapis.com/oauth2/v3/token [omitted]
[debug] [2023-09-02T20:57:14.838Z] >>> [apiv2][query] GET https://firebase.googleapis.com/v1beta1/projects/e-clone-ded23/adminSdkConfig [none]
[debug] [2023-09-02T20:57:15.150Z] <<< [apiv2][status] GET https://firebase.googleapis.com/v1beta1/projects/e-clone-ded23/adminSdkConfig 200
[debug] [2023-09-02T20:57:15.151Z] <<< [apiv2][body] GET https://firebase.googleapis.com/v1beta1/projects/e-clone-ded23/adminSdkConfig {"projectId":"e-clone-ded23","storageBucket":"e-clone-ded23.appspot.com"}
[debug] [2023-09-02T20:57:15.208Z] Ignoring unsupported arg: auto_download {"metadata":{"emulator":{"name":"ui"},"message":"Ignoring unsupported arg: auto_download"}}
[debug] [2023-09-02T20:57:15.208Z] Ignoring unsupported arg: port {"metadata":{"emulator":{"name":"ui"},"message":"Ignoring unsupported arg: port"}}
[debug] [2023-09-02T20:57:15.209Z] Starting Emulator UI with command {"binary":"node","args":["C:\\Users\\15716\\.cache\\firebase\\emulators\\ui-v1.11.7\\server\\server.js"],"optionalArgs":[],"joinArgs":false} {"metadata":{"emulator":{"name":"ui"},"message":"Starting Emulator UI with command {\"binary\":\"node\",\"args\":[\"C:\\\\Users\\\\15716\\\\.cache\\\\firebase\\\\emulators\\\\ui-v1.11.7\\\\server\\\\server.js\"],\"optionalArgs\":[],\"joinArgs\":false}"}}
[info] i  ui: Emulator UI logging to ui-debug.log {"metadata":{"emulator":{"name":"ui"},"message":"Emulator UI logging to \u001b[1mui-debug.log\u001b[22m"}}
[debug] [2023-09-02T20:57:15.646Z] Web / API server started at 127.0.0.1:4002
 {"metadata":{"emulator":{"name":"ui"},"message":"Web / API server started at 127.0.0.1:4002\n"}}
[debug] [2023-09-02T20:57:15.647Z] Web / API server started at ::1:4002
 {"metadata":{"emulator":{"name":"ui"},"message":"Web / API server started at ::1:4002\n"}}
[info] i  functions: Watching "C:\Users\15716\OneDrive\Desktop\Evangadi\Phase-4-Amazon-Project\AmazonCloneProject\amazone-clone\functions" for Cloud Functions... {"metadata":{"emulator":{"name":"functions"},"message":"Watching \"C:\\Users\\15716\\OneDrive\\Desktop\\Evangadi\\Phase-4-Amazon-Project\\AmazonCloneProject\\amazone-clone\\functions\" for Cloud Functions..."}}
[debug] [2023-09-02T20:57:15.794Z] Validating nodejs source
[debug] [2023-09-02T20:57:19.887Z] > [functions] package.json contents: {
  "name": "functions",
  "description": "Cloud Functions for Firebase",
  "scripts": {
    "lint": "eslint .",
    "serve": "firebase emulators:start --only functions",
    "shell": "firebase functions:shell",
    "start": "npm run shell",
    "deploy": "firebase deploy --only functions",
    "logs": "firebase functions:log"
  },
  "engines": {
    "node": "18"
  },
  "main": "index.js",
  "dependencies": {
    "cors": "^2.8.5",
    "express": "^4.18.2",
    "firebase-admin": "^11.8.0",
    "firebase-functions": "^4.3.1",
    "stripe": "^12.17.0"
  },
  "devDependencies": {
    "eslint": "^8.15.0",
    "eslint-config-google": "^0.14.0",
    "firebase-functions-test": "^3.1.0"
  },
  "private": true
}
[debug] [2023-09-02T20:57:19.887Z] Building nodejs source
[debug] [2023-09-02T20:57:19.888Z] Failed to find version of module node: reached end of search path C:\Users\15716\OneDrive\Desktop\Evangadi\Phase-4-Amazon-Project\AmazonCloneProject\amazone-clone\functions\node_modules
[info] +  functions: Using node@18 from host. 
[info] i  functions: Loaded environment variables from .env. 
[debug] [2023-09-02T20:57:19.898Z] Could not find functions.yaml. Must use http discovery
[debug] [2023-09-02T20:57:19.926Z] Found firebase-functions binary at 'C:\Users\15716\OneDrive\Desktop\Evangadi\Phase-4-Amazon-Project\AmazonCloneProject\amazone-clone\functions\node_modules\.bin\firebase-functions'
